<?xml version="1.0" encoding="UTF-8"?>
<!-- Generated by org.testng.reporters.JUnitReportReporter -->
<testsuite hostname="DESKTOP-23AUUVO" failures="0" tests="2" name="com.crm.qa.testcases.LoginPageTest" time="16.667" errors="0" timestamp="2021-11-01T18:55:06 IST" skipped="0">
  <testcase classname="com.crm.qa.testcases.LoginPageTest" name="loginPageTitleTest" time="3.877"/>
  <system-out/>
  <testcase classname="com.crm.qa.testcases.LoginPageTest" name="loginTest" time="12.790"/>
  <system-out/>
</testsuite> <!-- com.crm.qa.testcases.LoginPageTest -->
