<?xml version="1.0" encoding="UTF-8"?>
<!-- Generated by org.testng.reporters.JUnitReportReporter -->
<testsuite hostname="DESKTOP-23AUUVO" failures="0" tests="4" name="com.crm.qa.testcases.HomePageTest" time="37.296" errors="0" timestamp="2021-11-01T18:55:06 IST" skipped="0">
  <testcase classname="com.crm.qa.testcases.HomePageTest" name="verifyContactLinkTest" time="9.401"/>
  <system-out/>
  <testcase classname="com.crm.qa.testcases.HomePageTest" name="verifyDealsPage" time="9.191"/>
  <system-out/>
  <testcase classname="com.crm.qa.testcases.HomePageTest" name="verifyHomePageTitleTest" time="8.200"/>
  <system-out/>
  <testcase classname="com.crm.qa.testcases.HomePageTest" name="verifyUsernameTest" time="10.504"/>
  <system-out/>
</testsuite> <!-- com.crm.qa.testcases.HomePageTest -->
