<?xml version="1.0" encoding="UTF-8"?>
<!-- Generated by org.testng.reporters.JUnitReportReporter -->
<testsuite hostname="DESKTOP-23AUUVO" failures="0" tests="1" name="co.withoutPageFactory.testNG" time="44.205" errors="0" timestamp="2021-10-11T21:52:57 IST" skipped="0">
  <testcase classname="co.withoutPageFactory.testNG" name="test" time="44.205"/>
  <system-out/>
</testsuite> <!-- co.withoutPageFactory.testNG -->
