<?xml version="1.0" encoding="UTF-8"?>
<!-- Generated by org.testng.reporters.JUnitReportReporter -->
<testsuite hostname="DESKTOP-23AUUVO" failures="0" tests="2" name="co.co.sriram.dataProvider" time="0.008" errors="0" timestamp="2021-11-14T06:00:20 IST" skipped="0">
  <testcase classname="co.co.sriram.dataProvider" name="f" time="0.006"/>
  <system-out/>
  <testcase classname="co.co.sriram.dataProvider" name="f" time="0.002"/>
  <system-out/>
</testsuite> <!-- co.co.sriram.dataProvider -->
