<?xml version="1.0" encoding="UTF-8"?>
<!-- Generated by org.testng.reporters.JUnitReportReporter -->
<testsuite hostname="DESKTOP-23AUUVO" failures="0" tests="1" name="co.sriram.crossBrowserTesting" time="21.801" errors="0" timestamp="2021-11-21T14:19:09 IST" skipped="0">
  <testcase classname="co.sriram.crossBrowserTesting" name="testParameterWithXml" time="21.801"/>
  <system-out/>
</testsuite> <!-- co.sriram.crossBrowserTesting -->
