<?xml version="1.0" encoding="UTF-8"?>
<!-- Generated by org.testng.reporters.JUnitReportReporter -->
<testsuite hostname="DESKTOP-23AUUVO" failures="0" tests="2" name="co.co.co.co.sriram.testFacebook" time="12.180" errors="0" timestamp="2021-10-10T14:01:11 IST" skipped="0">
  <testcase classname="co.co.co.co.sriram.testFacebook" name="testData" time="6.287"/>
  <system-out/>
  <testcase classname="co.co.co.co.sriram.testFacebook" name="testData" time="5.893"/>
  <system-out/>
</testsuite> <!-- co.co.co.co.sriram.testFacebook -->
