<?xml version="1.0" encoding="UTF-8"?>
<!-- Generated by org.testng.reporters.JUnitReportReporter -->
<testsuite hostname="DESKTOP-23AUUVO" failures="0" tests="3" name="co.co.co.co.sriram.readExcelDemo" time="9.350" errors="0" timestamp="2021-10-10T16:23:29 IST" skipped="0">
  <testcase classname="co.co.co.co.sriram.readExcelDemo" name="testScript" time="4.077"/>
  <system-out/>
  <testcase classname="co.co.co.co.sriram.readExcelDemo" name="testScript" time="2.587"/>
  <system-out/>
  <testcase classname="co.co.co.co.sriram.readExcelDemo" name="testScript" time="2.686"/>
  <system-out/>
</testsuite> <!-- co.co.co.co.sriram.readExcelDemo -->
