<?xml version="1.0" encoding="UTF-8"?>
<!-- Generated by org.testng.reporters.JUnitReportReporter -->
<testsuite hostname="DESKTOP-23AUUVO" failures="0" tests="3" name="co.co.sriram.dataProviderExample" time="0.007" errors="0" timestamp="2021-10-10T12:27:07 IST" skipped="0">
  <testcase classname="co.co.sriram.dataProviderExample" name="setData" time="0.001"/>
  <system-out/>
  <testcase classname="co.co.sriram.dataProviderExample" name="setData" time="0.005"/>
  <system-out/>
  <testcase classname="co.co.sriram.dataProviderExample" name="setData" time="0.001"/>
  <system-out/>
</testsuite> <!-- co.co.sriram.dataProviderExample -->
